TN:
SF:src\modules\appointments\services\CreateAppointmentService.ts
FN:18,(anonymous_5)
FN:19,(anonymous_6)
FN:30,(anonymous_7)
FNF:3
FNH:3
FNDA:1,(anonymous_5)
FNDA:5,(anonymous_6)
FNDA:7,(anonymous_7)
DA:1,1
DA:2,1
DA:4,1
DA:18,2
DA:21,5
DA:24,5
DA:27,5
DA:35,7
DA:37,7
DA:38,1
DA:41,6
DA:42,1
DA:45,5
DA:46,2
DA:51,3
DA:56,3
DA:57,1
DA:60,2
DA:66,2
DA:68,2
DA:73,2
DA:80,2
DA:82,1
DA:84,1
LF:24
LH:24
BRDA:37,0,0,1
BRDA:37,0,1,6
BRDA:41,1,0,1
BRDA:41,1,1,5
BRDA:45,2,0,2
BRDA:45,2,1,3
BRDA:45,3,0,5
BRDA:45,3,1,4
BRDA:56,4,0,1
BRDA:56,4,1,2
BRF:10
BRH:10
end_of_record
TN:
SF:src\modules\appointments\services\ListProviderAppointmentsService.ts
FN:16,(anonymous_4)
FN:17,(anonymous_5)
FN:25,(anonymous_6)
FNF:3
FNH:3
FNDA:1,(anonymous_4)
FNDA:1,(anonymous_5)
FNDA:1,(anonymous_6)
DA:1,1
DA:4,1
DA:16,2
DA:19,1
DA:22,1
DA:31,1
DA:33,1
DA:37,1
DA:38,1
DA:47,1
DA:50,1
DA:52,1
DA:54,1
LF:13
LH:13
BRDA:37,0,0,1
BRDA:37,0,1,0
BRF:2
BRH:1
end_of_record
TN:
SF:src\modules\appointments\services\ListProviderDayAvailabilityService.ts
FN:19,(anonymous_4)
FN:20,(anonymous_5)
FN:25,(anonymous_6)
FN:44,(anonymous_7)
FN:49,(anonymous_8)
FN:51,(anonymous_9)
FNF:6
FNH:6
FNDA:1,(anonymous_4)
FNDA:1,(anonymous_5)
FNDA:1,(anonymous_6)
FNDA:10,(anonymous_7)
FNDA:10,(anonymous_8)
FNDA:19,(anonymous_9)
DA:1,1
DA:2,1
DA:19,2
DA:22,1
DA:31,1
DA:40,1
DA:42,1
DA:44,10
DA:47,1
DA:49,1
DA:50,10
DA:51,19
DA:54,10
DA:56,10
DA:62,1
DA:64,1
DA:66,1
LF:17
LH:17
BRDA:58,0,0,10
BRDA:58,0,1,8
BRF:2
BRH:2
end_of_record
TN:
SF:src\modules\appointments\services\ListProviderMonthAvailabilityService.ts
FN:18,(anonymous_4)
FN:19,(anonymous_5)
FN:24,(anonymous_6)
FN:41,(anonymous_7)
FN:44,(anonymous_8)
FN:47,(anonymous_9)
FNF:6
FNH:6
FNDA:1,(anonymous_4)
FNDA:1,(anonymous_5)
FNDA:1,(anonymous_6)
FNDA:31,(anonymous_7)
FNDA:31,(anonymous_8)
FNDA:372,(anonymous_9)
DA:1,1
DA:2,1
DA:18,2
DA:21,1
DA:29,1
DA:37,1
DA:39,1
DA:41,31
DA:44,1
DA:45,31
DA:47,31
DA:48,372
DA:51,31
DA:58,1
DA:60,1
DA:62,1
LF:16
LH:16
BRDA:54,0,0,31
BRDA:54,0,1,0
BRF:2
BRH:1
end_of_record
TN:
SF:src\modules\appointments\services\ListProvidersService.ts
FN:14,(anonymous_4)
FN:15,(anonymous_5)
FN:23,(anonymous_6)
FNF:3
FNH:3
FNDA:1,(anonymous_4)
FNDA:1,(anonymous_5)
FNDA:1,(anonymous_6)
DA:1,1
DA:7,1
DA:14,2
DA:17,1
DA:20,1
DA:24,1
DA:28,1
DA:29,1
DA:33,1
DA:39,1
DA:41,1
DA:43,1
LF:12
LH:12
BRDA:28,0,0,1
BRDA:28,0,1,0
BRF:2
BRH:1
end_of_record
TN:
SF:src\modules\users\services\AuthenticateUserService.ts
FN:22,(anonymous_5)
FN:23,(anonymous_6)
FN:31,(anonymous_7)
FNF:3
FNH:3
FNDA:1,(anonymous_5)
FNDA:3,(anonymous_6)
FNDA:3,(anonymous_7)
DA:1,1
DA:2,1
DA:4,1
DA:8,1
DA:22,2
DA:25,3
DA:28,3
DA:32,3
DA:34,3
DA:35,1
DA:38,2
DA:43,2
DA:44,1
DA:47,1
DA:49,1
DA:54,1
DA:59,1
DA:61,1
LF:18
LH:18
BRDA:34,0,0,1
BRDA:34,0,1,2
BRDA:43,1,0,1
BRDA:43,1,1,1
BRF:4
BRH:4
end_of_record
TN:
SF:src\modules\users\services\CreateUserService.ts
FN:17,(anonymous_5)
FN:18,(anonymous_6)
FN:29,(anonymous_7)
FNF:3
FNH:3
FNDA:1,(anonymous_5)
FNDA:2,(anonymous_6)
FNDA:3,(anonymous_7)
DA:1,1
DA:3,1
DA:17,2
DA:20,2
DA:23,2
DA:26,2
DA:30,3
DA:32,3
DA:33,1
DA:36,2
DA:38,2
DA:44,2
DA:46,2
DA:48,1
DA:50,1
LF:15
LH:15
BRDA:32,0,0,1
BRDA:32,0,1,2
BRF:2
BRH:2
end_of_record
TN:
SF:src\modules\users\services\ResetPasswordService.ts
FN:17,(anonymous_5)
FN:18,(anonymous_6)
FN:29,(anonymous_7)
FNF:3
FNH:3
FNDA:1,(anonymous_5)
FNDA:4,(anonymous_6)
FNDA:4,(anonymous_7)
DA:1,1
DA:2,1
DA:4,1
DA:17,2
DA:20,4
DA:23,4
DA:26,4
DA:30,4
DA:32,4
DA:33,1
DA:36,3
DA:38,3
DA:39,1
DA:42,2
DA:43,2
DA:45,2
DA:46,1
DA:49,1
DA:51,1
DA:53,1
DA:55,1
LF:21
LH:21
BRDA:32,0,0,1
BRDA:32,0,1,3
BRDA:38,1,0,1
BRDA:38,1,1,2
BRDA:45,2,0,1
BRDA:45,2,1,1
BRF:6
BRH:6
end_of_record
TN:
SF:src\modules\users\services\SendForgotPasswordEmailService.ts
FN:16,(anonymous_5)
FN:17,(anonymous_6)
FN:28,(anonymous_7)
FNF:3
FNH:3
FNDA:1,(anonymous_5)
FNDA:3,(anonymous_6)
FNDA:3,(anonymous_7)
DA:1,1
DA:2,1
DA:4,1
DA:16,2
DA:19,3
DA:22,3
DA:25,3
DA:29,3
DA:31,3
DA:32,1
DA:35,2
DA:37,2
DA:44,2
DA:59,1
DA:61,1
LF:15
LH:15
BRDA:31,0,0,1
BRDA:31,0,1,2
BRF:2
BRH:2
end_of_record
TN:
SF:src\modules\users\services\ShowProfileService.ts
FN:14,(anonymous_5)
FN:15,(anonymous_6)
FN:20,(anonymous_7)
FNF:3
FNH:3
FNDA:1,(anonymous_5)
FNDA:2,(anonymous_6)
FNDA:2,(anonymous_7)
DA:1,1
DA:5,1
DA:14,2
DA:17,2
DA:21,2
DA:23,2
DA:24,1
DA:27,1
DA:29,1
DA:31,1
LF:10
LH:10
BRDA:23,0,0,1
BRDA:23,0,1,1
BRF:2
BRH:2
end_of_record
TN:
SF:src\modules\users\services\UpdateProfileService.ts
FN:19,(anonymous_5)
FN:20,(anonymous_6)
FN:28,(anonymous_7)
FNF:3
FNH:3
FNDA:1,(anonymous_5)
FNDA:6,(anonymous_6)
FNDA:6,(anonymous_7)
DA:1,1
DA:5,1
DA:19,2
DA:22,6
DA:25,6
DA:35,6
DA:37,6
DA:38,1
DA:41,5
DA:43,5
DA:44,1
DA:47,4
DA:48,4
DA:50,4
DA:51,1
DA:56,3
DA:57,2
DA:62,2
DA:63,1
DA:66,1
DA:69,2
DA:71,1
DA:73,1
LF:23
LH:23
BRDA:37,0,0,1
BRDA:37,0,1,5
BRDA:43,1,0,1
BRDA:43,1,1,4
BRDA:43,2,0,5
BRDA:43,2,1,1
BRDA:50,3,0,1
BRDA:50,3,1,3
BRDA:50,4,0,4
BRDA:50,4,1,3
BRDA:56,5,0,2
BRDA:56,5,1,1
BRDA:56,6,0,3
BRDA:56,6,1,2
BRDA:62,7,0,1
BRDA:62,7,1,1
BRF:16
BRH:16
end_of_record
TN:
SF:src\modules\users\services\UpdateUserAvatarService.ts
FN:15,(anonymous_5)
FN:16,(anonymous_6)
FN:24,(anonymous_7)
FNF:3
FNH:3
FNDA:1,(anonymous_5)
FNDA:3,(anonymous_6)
FNDA:4,(anonymous_7)
DA:1,1
DA:3,1
DA:15,2
DA:18,3
DA:21,3
DA:25,4
DA:27,4
DA:28,1
DA:31,3
DA:32,1
DA:35,3
DA:37,3
DA:39,3
DA:41,3
DA:43,1
DA:45,1
LF:16
LH:16
BRDA:27,0,0,1
BRDA:27,0,1,3
BRDA:31,1,0,1
BRDA:31,1,1,2
BRF:4
BRH:4
end_of_record
